<?xml version="1.0" encoding="UTF-8"?>
<testsuite xmlns:xsi="http://www.w3.org/2001/XMLSchema-instance" xsi:noNamespaceSchemaLocation="https://maven.apache.org/surefire/maven-surefire-plugin/xsd/surefire-test-report-3.0.xsd" version="3.0" name="com.example.MyProjectBackendApplicationTests" time="12.871" tests="1" errors="0" skipped="0" failures="0">
  <properties>
[...]
</properties>
  <testcase name="contextLoads" classname="com.example.MyProjectBackendApplicationTests" time="1.11">
    <system-out><![CDATA[16:57:49.384 [main] INFO org.springframework.test.context.support.AnnotationConfigContextLoaderUtils -- Could not detect default configuration classes for test class [com.example.MyProjectBackendApplicationTests]: MyProjectBackendApplicationTests does not declare any static, non-private, non-final, nested classes annotated with @Configuration.
16:57:49.556 [main] INFO org.springframework.boot.test.context.SpringBootTestContextBootstrapper -- Found @SpringBootConfiguration com.example.MyProjectBackendApplication for test class com.example.MyProjectBackendApplicationTests

  .   ____          _            __ _ _
 /\\ / ___'_ __ _ _(_)_ __  __ _ \ \ \ \
( ( )\___ | '_ | '_| | '_ \/ _` | \ \ \ \
 \\/  ___)| |_)| | | | | || (_| |  ) ) ) )
  '  |____| .__|_| |_|_| |_\__, | / / / /
 =========|_|==============|___/=/_/_/_/
 :: Spring Boot ::                (v3.1.2)

2024-04-01 16:57:50.445  INFO  [           main] (system) -- c.e.MyProjectBackendApplicationTests     : Starting MyProjectBackendApplicationTests using Java 17.0.8.1 with PID 15484 (started by Administrator in C:\Users\Administrator\Desktop\forum\myproject\my-project-backend)
2024-04-01 16:57:50.448  INFO  [           main] (system) -- c.e.MyProjectBackendApplicationTests     : The following 1 profile is active: "prod"
2024-04-01 16:57:52.264  INFO  [           main] (system) -- .s.d.r.c.RepositoryConfigurationDelegate : Multiple Spring Data modules found, entering strict repository configuration mode
2024-04-01 16:57:52.268  INFO  [           main] (system) -- .s.d.r.c.RepositoryConfigurationDelegate : Bootstrapping Spring Data Redis repositories in DEFAULT mode.
2024-04-01 16:57:52.333  INFO  [           main] (system) -- .s.d.r.c.RepositoryConfigurationDelegate : Finished Spring Data repository scanning in 38 ms. Found 0 Redis repository interfaces.
Logging initialized using 'class org.apache.ibatis.logging.stdout.StdOutImpl' adapter.
Registered plugin: 'com.baomidou.mybatisplus.extension.plugins.MybatisPlusInterceptor@3d764641'
Property 'mapperLocations' was not specified.
 _ _   |_  _ _|_. ___ _ |    _ 
| | |\/|_)(_| | |_\  |_)||_|_\ 
     /               |         
                        3.5.3.1 
Creating a new SqlSession
SqlSession [org.apache.ibatis.session.defaults.DefaultSqlSession@1d1c63af] was not registered for synchronization because synchronization is not active
2024-04-01 16:57:55.701  INFO  [           main] (system) -- com.zaxxer.hikari.HikariDataSource       : HikariPool-1 - Starting...
2024-04-01 16:57:56.729  INFO  [           main] (system) -- com.zaxxer.hikari.pool.HikariPool        : HikariPool-1 - Added connection com.mysql.cj.jdbc.ConnectionImpl@57e57dc5
2024-04-01 16:57:56.731  INFO  [           main] (system) -- com.zaxxer.hikari.HikariDataSource       : HikariPool-1 - Start completed.
JDBC Connection [HikariProxyConnection@1924981513 wrapping com.mysql.cj.jdbc.ConnectionImpl@57e57dc5] will not be managed by Spring
==>  Preparing: SELECT id,name,`desc`,color FROM db_topic_type
==> Parameters: 
<==    Columns: id, name, desc, color
<==        Row: 1, 日常闲聊, 在这里分享你的各种日常, #1E90FF
<==        Row: 2, 真诚交友, 在校园里寻找与自己志同道合的朋友, #CE1EFF
<==        Row: 3, 问题反馈, 反馈你在校园里遇到的问题, #E07373
<==        Row: 4, 恋爱官宣, 向大家展示你的恋爱成果, #E0CE73
<==        Row: 5, 踩坑记录, 将你遇到的坑分享给大家，防止其他人再次入坑, #3BB62A
<==      Total: 5
Closing non transactional SqlSession [org.apache.ibatis.session.defaults.DefaultSqlSession@1d1c63af]
2024-04-01 16:57:57.173  INFO  [           main] (system) -- com.example.config.MinioConfiguration    : Minio
Can not find table primary key in Class: "com.example.entity.dto.StoreImage".
2024-04-01 16:57:57.545  WARN  [           main] (system) -- c.b.m.core.injector.DefaultSqlInjector   : class com.example.entity.dto.StoreImage ,Not found @TableId annotation, Cannot use Mybatis-Plus 'xxById' Method.
2024-04-01 16:57:58.208  INFO  [           main] (system) -- o.s.s.web.DefaultSecurityFilterChain     : Will secure any request with [org.springframework.security.web.session.DisableEncodeUrlFilter@623ded82, org.springframework.security.web.context.request.async.WebAsyncManagerIntegrationFilter@180e33b0, org.springframework.security.web.context.SecurityContextHolderFilter@37b5a51c, org.springframework.security.web.header.HeaderWriterFilter@6f5288c5, org.springframework.security.web.authentication.logout.LogoutFilter@4423692a, com.example.filter.JwtAuthenticationFilter@270be080, com.example.filter.RequestLogFilter@752ffce3, org.springframework.security.web.authentication.UsernamePasswordAuthenticationFilter@2fe2fcc2, org.springframework.security.web.savedrequest.RequestCacheAwareFilter@2bb84aa5, org.springframework.security.web.servletapi.SecurityContextHolderAwareRequestFilter@3407ded1, org.springframework.security.web.authentication.AnonymousAuthenticationFilter@78f35e39, org.springframework.security.web.session.SessionManagementFilter@e2ee348, org.springframework.security.web.access.ExceptionTranslationFilter@251e2f4a, org.springframework.security.web.access.intercept.AuthorizationFilter@5eff5e4c]
2024-04-01 16:58:00.084  INFO  [           main] (system) -- o.s.a.r.c.CachingConnectionFactory       : Attempting to connect to: [47.242.63.83:5672]
2024-04-01 16:58:00.418  INFO  [           main] (system) -- o.s.a.r.c.CachingConnectionFactory       : Created new connection: rabbitConnectionFactory#7645b7d:0/SimpleConnection@4def900a [delegate=amqp://admin@47.242.63.83:5672/, localPort=60886]
2024-04-01 16:58:00.889  INFO  [           main] (system) -- c.e.MyProjectBackendApplicationTests     : Started MyProjectBackendApplicationTests in 11.105 seconds (process running for 12.507)
$2a$10$B6zAxEs9gHRpvRjrFJVWHu/XeQPeY9so5osN9tLe2ZptLTl61uR5K
]]></system-out>
  </testcase>
</testsuite>